  Button.cpp
  CodCppPanel.hpp
  ConnectionLine.cpp
  DragableShape.cpp
  main.cpp
C:\Users\cristi\source\repos\Interschem1\Interschem\main.cpp(18,70): warning C4244: 'argument': conversion from 'T' to 'float', possible loss of data
C:\Users\cristi\source\repos\Interschem1\Interschem\main.cpp(18,70): warning C4244:         with
C:\Users\cristi\source\repos\Interschem1\Interschem\main.cpp(18,70): warning C4244:         [
C:\Users\cristi\source\repos\Interschem1\Interschem\main.cpp(18,70): warning C4244:             T=unsigned int
C:\Users\cristi\source\repos\Interschem1\Interschem\main.cpp(18,70): warning C4244:         ]
C:\Users\cristi\source\repos\Interschem1\Interschem\main.cpp(18,50): warning C4244: 'argument': conversion from 'T' to 'float', possible loss of data
C:\Users\cristi\source\repos\Interschem1\Interschem\main.cpp(18,50): warning C4244:         with
C:\Users\cristi\source\repos\Interschem1\Interschem\main.cpp(18,50): warning C4244:         [
C:\Users\cristi\source\repos\Interschem1\Interschem\main.cpp(18,50): warning C4244:             T=unsigned int
C:\Users\cristi\source\repos\Interschem1\Interschem\main.cpp(18,50): warning C4244:         ]
C:\Users\cristi\source\repos\Interschem1\Interschem\main.cpp(20,62): warning C4244: 'argument': conversion from 'T' to 'T', possible loss of data
C:\Users\cristi\source\repos\Interschem1\Interschem\main.cpp(20,62): warning C4244:         with
C:\Users\cristi\source\repos\Interschem1\Interschem\main.cpp(20,62): warning C4244:         [
C:\Users\cristi\source\repos\Interschem1\Interschem\main.cpp(20,62): warning C4244:             T=unsigned int
C:\Users\cristi\source\repos\Interschem1\Interschem\main.cpp(20,62): warning C4244:         ]
C:\Users\cristi\source\repos\Interschem1\Interschem\main.cpp(20,62): warning C4244:         and
C:\Users\cristi\source\repos\Interschem1\Interschem\main.cpp(20,62): warning C4244:         [
C:\Users\cristi\source\repos\Interschem1\Interschem\main.cpp(20,62): warning C4244:             T=float
C:\Users\cristi\source\repos\Interschem1\Interschem\main.cpp(20,62): warning C4244:         ]
C:\Users\cristi\source\repos\Interschem1\Interschem\main.cpp(22,68): warning C4244: 'argument': conversion from 'T' to 'T', possible loss of data
C:\Users\cristi\source\repos\Interschem1\Interschem\main.cpp(22,68): warning C4244:         with
C:\Users\cristi\source\repos\Interschem1\Interschem\main.cpp(22,68): warning C4244:         [
C:\Users\cristi\source\repos\Interschem1\Interschem\main.cpp(22,68): warning C4244:             T=unsigned int
C:\Users\cristi\source\repos\Interschem1\Interschem\main.cpp(22,68): warning C4244:         ]
C:\Users\cristi\source\repos\Interschem1\Interschem\main.cpp(22,68): warning C4244:         and
C:\Users\cristi\source\repos\Interschem1\Interschem\main.cpp(22,68): warning C4244:         [
C:\Users\cristi\source\repos\Interschem1\Interschem\main.cpp(22,68): warning C4244:             T=float
C:\Users\cristi\source\repos\Interschem1\Interschem\main.cpp(22,68): warning C4244:         ]
  Generating Code...
  Interschem.vcxproj -> C:\Users\cristi\source\repos\Interschem1\Debug\Interschem.exe
