c:\users\cristi\source\repos\interschem1\interschem\debug\vc143.pdb
c:\users\cristi\source\repos\interschem1\interschem\debug\vc143.idb
c:\users\cristi\source\repos\interschem1\interschem\debug\main.obj
c:\users\cristi\source\repos\interschem1\interschem\debug\generated.obj
c:\users\cristi\source\repos\interschem1\interschem\debug\dragableshape.obj
c:\users\cristi\source\repos\interschem1\interschem\debug\connectionline.obj
c:\users\cristi\source\repos\interschem1\interschem\debug\codegenerator.obj
c:\users\cristi\source\repos\interschem1\interschem\debug\codcpppanel.obj
c:\users\cristi\source\repos\interschem1\interschem\debug\button.obj
c:\users\cristi\source\repos\interschem1\debug\interschem.exe
c:\users\cristi\source\repos\interschem1\debug\interschem.pdb
c:\users\cristi\source\repos\interschem1\interschem\debug\interschem.ilk
c:\users\cristi\source\repos\interschem1\interschem\debug\interschem.tlog\cl.command.1.tlog
c:\users\cristi\source\repos\interschem1\interschem\debug\interschem.tlog\cl.items.tlog
c:\users\cristi\source\repos\interschem1\interschem\debug\interschem.tlog\cl.read.1.tlog
c:\users\cristi\source\repos\interschem1\interschem\debug\interschem.tlog\cl.write.1.tlog
c:\users\cristi\source\repos\interschem1\interschem\debug\interschem.tlog\link.command.1.tlog
c:\users\cristi\source\repos\interschem1\interschem\debug\interschem.tlog\link.read.1.tlog
c:\users\cristi\source\repos\interschem1\interschem\debug\interschem.tlog\link.secondary.1.tlog
c:\users\cristi\source\repos\interschem1\interschem\debug\interschem.tlog\link.write.1.tlog
